<?xml version="1.0" encoding="UTF-8"?>
<!-- Generated by org.testng.reporters.JUnitReportReporter -->
<testsuite hostname="HeartPC" failures="0" tests="1" name="End2EndProjects.Test.AppTest" time="14.093" errors="0" timestamp="2023-01-03T10:35:06 SGT" skipped="0">
  <testcase classname="End2EndProjects.Test.AppTest" name="mobileTest" time="14.093"/>
  <system-out/>
</testsuite> <!-- End2EndProjects.Test.AppTest -->
